<?xml version="1.0" encoding="UTF-8"?>
<testng-results ignored="0" total="2" passed="2" failed="0" skipped="0">
  <reporter-output>
  </reporter-output>
  <suite started-at="2022-05-07T11:42:56 IST" name="Default suite" finished-at="2022-05-07T11:43:11 IST" duration-ms="15554">
    <groups>
    </groups>
    <test started-at="2022-05-07T11:42:56 IST" name="Default test" finished-at="2022-05-07T11:43:11 IST" duration-ms="15554">
      <class name="TestNGProject.TestNGWork">
        <test-method is-config="true" signature="setup()[pri:0, instance:TestNGProject.TestNGWork@5e316c74]" started-at="2022-05-07T11:42:56 IST" name="setup" finished-at="2022-05-07T11:43:04 IST" duration-ms="8292" status="PASS">
          <reporter-output>
          </reporter-output>
        </test-method> <!-- setup -->
        <test-method signature="verifyregistrationTest()[pri:0, instance:TestNGProject.TestNGWork@5e316c74]" started-at="2022-05-07T11:43:04 IST" name="verifyregistrationTest" finished-at="2022-05-07T11:43:05 IST" duration-ms="380" status="PASS">
          <reporter-output>
          </reporter-output>
        </test-method> <!-- verifyregistrationTest -->
      </class> <!-- TestNGProject.TestNGWork -->
      <class name="TestNGProject.TestNGLogin">
        <test-method is-config="true" signature="setup()[pri:0, instance:TestNGProject.TestNGLogin@659a969b]" started-at="2022-05-07T11:43:05 IST" name="setup" finished-at="2022-05-07T11:43:10 IST" duration-ms="5571" status="PASS">
          <reporter-output>
          </reporter-output>
        </test-method> <!-- setup -->
        <test-method signature="verifyloginmail()[pri:0, instance:TestNGProject.TestNGLogin@659a969b]" started-at="2022-05-07T11:43:10 IST" name="verifyloginmail" finished-at="2022-05-07T11:43:10 IST" duration-ms="63" status="PASS">
          <reporter-output>
          </reporter-output>
        </test-method> <!-- verifyloginmail -->
        <test-method is-config="true" signature="logout()[pri:0, instance:TestNGProject.TestNGLogin@659a969b]" started-at="2022-05-07T11:43:10 IST" name="logout" finished-at="2022-05-07T11:43:11 IST" duration-ms="1197" status="PASS">
          <reporter-output>
          </reporter-output>
        </test-method> <!-- logout -->
      </class> <!-- TestNGProject.TestNGLogin -->
    </test> <!-- Default test -->
  </suite> <!-- Default suite -->
</testng-results>
